2024-01-01 00:00:15 user123 DEPOSIT 100.00 SUCCESS
2024-01-01 00:05:30 user456 WITHDRAWAL 50.00 SUCCESS
2024-01-01 00:10:45 user789 TRANSFER 25.00 PENDING
2024-01-01 00:15:00 user123 PURCHASE 75.00 SUCCESS
2024-01-01 00:20:15 user456 DEPOSIT 200.00 SUCCESS
2024-01-01 00:25:30 user789 WITHDRAWAL 100.00 FAILED
2024-01-01 00:30:45 user123 TRANSFER 50.00 SUCCESS
2024-01-01 00:35:00 user456 PURCHASE 125.00 SUCCESS
2024-01-01 00:40:15 user789 DEPOSIT 50.00 SUCCESS
2024-01-01 00:45:30 user123 WITHDRAWAL 25.00 SUCCESS
2024-01-01 00:50:45 user456 TRANSFER 75.00 PENDING
2024-01-01 00:55:00 user789 PURCHASE 200.00 SUCCESS
2024-01-01 01:00:15 user123 DEPOSIT 150.00 SUCCESS
2024-01-01 01:05:30 user456 WITHDRAWAL 75.00 SUCCESS
2024-01-01 01:10:45 user789 TRANSFER 100.00 FAILED
2024-01-01 01:15:00 user123 PURCHASE 50.00 SUCCESS
2024-01-01 01:20:15 user456 DEPOSIT 100.00 SUCCESS
2024-01-01 01:25:30 user789 WITHDRAWAL 25.00 SUCCESS
2024-01-01 01:30:45 user123 TRANSFER 125.00 PENDING
2024-01-01 01:35:00 user456 PURCHASE 75.00 SUCCESS
2024-01-01 01:40:15 user789 DEPOSIT 200.00 SUCCESS
2024-01-01 01:45:30 user123 WITHDRAWAL 100.00 FAILED
2024-01-01 01:50:45 user456 TRANSFER 50.00 SUCCESS
2024-01-01 01:55:00 user789 PURCHASE 125.00 SUCCESS
2024-01-01 02:00:15 user123 DEPOSIT 50.00 SUCCESS
2024-01-01 02:05:30 user456 WITHDRAWAL 25.00 SUCCESS
2024-01-01 02:10:45 user789 TRANSFER 75.00 PENDING
2024-01-01 02:15:00 user123 PURCHASE 200.00 SUCCESS
2024-01-01 02:20:15 user456 DEPOSIT 150.00 SUCCESS
2024-01-01 02:25:30 user789 WITHDRAWAL 75.00 SUCCESS
2024-01-01 02:30:45 user123 TRANSFER 100.00 FAILED
2024-01-01 02:35:00 user456 PURCHASE 50.00 SUCCESS
2024-01-01 02:40:15 user789 DEPOSIT 100.00 SUCCESS
2024-01-01 02:45:30 user123 WITHDRAWAL 25.00 SUCCESS
2024-01-01 02:50:45 user456 TRANSFER 125.00 PENDING
2024-01-01 02:55:00 user789 PURCHASE 75.00 SUCCESS
2024-01-01 03:00:15 user123 DEPOSIT 200.00 SUCCESS
2024-01-01 03:05:30 user456 WITHDRAWAL 100.00 FAILED
2024-01-01 03:10:45 user789 TRANSFER 50.00 SUCCESS
2024-01-01 03:15:00 user123 PURCHASE 125.00 SUCCESS
2024-01-01 03:20:15 user456 DEPOSIT 50.00 SUCCESS
2024-01-01 03:25:30 user789 WITHDRAWAL 25.00 SUCCESS
2024-01-01 03:30:45 user123 TRANSFER 75.00 PENDING
2024-01-01 03:35:00 user456 PURCHASE 200.00 SUCCESS
2024-01-01 03:40:15 user789 DEPOSIT 150.00 SUCCESS
2024-01-01 03:45:30 user123 WITHDRAWAL 75.00 SUCCESS
2024-01-01 03:50:45 user456 TRANSFER 100.00 FAILED
2024-01-01 03:55:00 user789 PURCHASE 50.00 SUCCESS
2024-01-01 04:00:15 user123 DEPOSIT 100.00 SUCCESS
2024-01-01 04:05:30 user456 WITHDRAWAL 25.00 SUCCESS
